<?xml version="1.0" encoding="UTF-8"?>
<testsuite name="Tests" tests="1" skipped="0" failures="0" errors="0" timestamp="2021-10-18T12:32:37" hostname="ev-k6.kzn.21-school.ru" time="3.453">
  <properties/>
  <testcase name="start" classname="Tests" time="3.453"/>
  <system-out><![CDATA[?[1;31m
Start test 1?[0m

  .   ____          _            __ _ _
 /\\ / ___'_ __ _ _(_)_ __  __ _ \ \ \ \
( ( )\___ | '_ | '_| | '_ \/ _` | \ \ \ \
 \\/  ___)| |_)| | | | | || (_| |  ) ) ) )
  '  |____| .__|_| |_|_| |_\__, | / / / /
 =========|_|==============|___/=/_/_/_/
 :: Spring Boot ::        (v2.3.1.RELEASE)

2021-10-18 15:32:37.985  INFO 31523 --- [    Test worker] task.Main                                : Starting Main on ev-k6.kzn.21-school.ru with PID 31523 (started by hveiled in /Users/hveiled/IdeaProjects/Recipes1/Topics/Getting data from REST/Welcome)
2021-10-18 15:32:37.987  INFO 31523 --- [    Test worker] task.Main                                : No active profile set, falling back to default profiles: default
2021-10-18 15:32:39.129  INFO 31523 --- [    Test worker] o.s.b.w.embedded.tomcat.TomcatWebServer  : Tomcat initialized with port(s): 28852 (http)
2021-10-18 15:32:39.142  INFO 31523 --- [    Test worker] o.apache.catalina.core.StandardService   : Starting service [Tomcat]
2021-10-18 15:32:39.143  INFO 31523 --- [    Test worker] org.apache.catalina.core.StandardEngine  : Starting Servlet engine: [Apache Tomcat/9.0.36]
2021-10-18 15:32:39.756  INFO 31523 --- [    Test worker] o.a.c.c.C.[Tomcat].[localhost].[/]       : Initializing Spring embedded WebApplicationContext
2021-10-18 15:32:39.757  INFO 31523 --- [    Test worker] w.s.c.ServletWebServerApplicationContext : Root WebApplicationContext: initialization completed in 1726 ms
2021-10-18 15:32:40.053  INFO 31523 --- [    Test worker] o.s.s.concurrent.ThreadPoolTaskExecutor  : Initializing ExecutorService 'applicationTaskExecutor'
2021-10-18 15:32:40.291  INFO 31523 --- [    Test worker] o.s.b.a.e.web.EndpointLinksResolver      : Exposing 14 endpoint(s) beneath base path '/actuator'
2021-10-18 15:32:40.332  INFO 31523 --- [    Test worker] o.s.b.w.embedded.tomcat.TomcatWebServer  : Tomcat started on port(s): 28852 (http) with context path ''
2021-10-18 15:32:40.345  INFO 31523 --- [    Test worker] task.Main                                : Started Main in 2.711 seconds (JVM running for 3.404)
2021-10-18 15:32:40.752  INFO 31523 --- [io-28852-exec-1] o.a.c.c.C.[Tomcat].[localhost].[/]       : Initializing Spring DispatcherServlet 'dispatcherServlet'
2021-10-18 15:32:40.753  INFO 31523 --- [io-28852-exec-1] o.s.web.servlet.DispatcherServlet        : Initializing Servlet 'dispatcherServlet'
2021-10-18 15:32:40.758  INFO 31523 --- [io-28852-exec-1] o.s.web.servlet.DispatcherServlet        : Completed initialization in 5 ms
]]></system-out>
  <system-err><![CDATA[]]></system-err>
</testsuite>
